[2022-04-10 15:39:27,228] INFO [org.hibernate.annotations.common.Version: 56] HCANN000001: Hibernate Commons Annotations {5.1.2.Final}
[2022-04-10 15:39:27,364] WARN [org.hibernate.orm.connections.pooling: 72] HHH10001002: Using Hibernate built-in connection pool (not for production use!)
[2022-04-10 15:39:27,370] INFO [org.hibernate.orm.connections.pooling: 115] HHH10001005: using driver [org.postgresql.Driver] at URL [jdbc:postgresql://localhost:5432/hib_learn]
[2022-04-10 15:39:27,371] INFO [org.hibernate.orm.connections.pooling: 124] HHH10001001: Connection properties: {password=****, user=postgres}
[2022-04-10 15:39:27,372] INFO [org.hibernate.orm.connections.pooling: 129] HHH10001003: Autocommit mode: false
[2022-04-10 15:39:27,374] INFO [org.hibernate.engine.jdbc.connections.internal.DriverManagerConnectionProviderImpl: 274] HHH000115: Hibernate connection pool size: 20 (min=1)
[2022-04-10 15:39:27,482] INFO [org.hibernate.dialect.Dialect: 175] HHH000400: Using dialect: org.hibernate.dialect.PostgreSQL10Dialect
[2022-04-10 15:39:27,534] INFO [org.hibernate.envers.boot.internal.EnversServiceImpl: 88] Envers integration enabled? : true
[2022-04-10 15:39:29,252] INFO [org.ehcache.core.EhcacheManager: 305] Cache 'Companies' created in EhcacheManager.
[2022-04-10 15:39:29,257] INFO [org.ehcache.core.EhcacheManager: 305] Cache 'Users' created in EhcacheManager.
[2022-04-10 15:39:29,412] INFO [org.ehcache.jsr107.Eh107CacheManager: 393] Registering Ehcache MBean javax.cache:type=CacheStatistics,CacheManager=file./home/munir/IdeaProjects/hibernate-starter/build/resources/main/ehcache-config.xml,Cache=Companies
[2022-04-10 15:39:29,417] INFO [org.ehcache.jsr107.Eh107CacheManager: 393] Registering Ehcache MBean javax.cache:type=CacheStatistics,CacheManager=file./home/munir/IdeaProjects/hibernate-starter/build/resources/main/ehcache-config.xml,Cache=Users
[2022-04-10 15:39:29,422] WARN [org.hibernate.orm.cache: 108] HHH90001006: Missing cache[default-update-timestamps-region] was created on-the-fly. The created cache will use a provider-specific default configuration: make sure you defined one. You can disable this warning by setting 'hibernate.javax.cache.missing_cache_strategy' to 'create'.
[2022-04-10 15:39:29,435] INFO [org.ehcache.core.EhcacheManager: 305] Cache 'default-update-timestamps-region' created in EhcacheManager.
[2022-04-10 15:39:29,440] WARN [org.hibernate.orm.cache: 108] HHH90001006: Missing cache[default-query-results-region] was created on-the-fly. The created cache will use a provider-specific default configuration: make sure you defined one. You can disable this warning by setting 'hibernate.javax.cache.missing_cache_strategy' to 'create'.
[2022-04-10 15:39:29,448] INFO [org.ehcache.core.EhcacheManager: 305] Cache 'default-query-results-region' created in EhcacheManager.
[2022-04-10 15:39:29,522] WARN [org.hibernate.orm.cache: 108] HHH90001006: Missing cache[com.mprog.entity.Payment] was created on-the-fly. The created cache will use a provider-specific default configuration: make sure you defined one. You can disable this warning by setting 'hibernate.javax.cache.missing_cache_strategy' to 'create'.
[2022-04-10 15:39:29,527] INFO [org.ehcache.core.EhcacheManager: 305] Cache 'com.mprog.entity.Payment' created in EhcacheManager.
[2022-04-10 15:39:29,531] WARN [org.hibernate.orm.cache: 108] HHH90001006: Missing cache[com.mprog.entity.User.userChats] was created on-the-fly. The created cache will use a provider-specific default configuration: make sure you defined one. You can disable this warning by setting 'hibernate.javax.cache.missing_cache_strategy' to 'create'.
[2022-04-10 15:39:29,541] INFO [org.ehcache.core.EhcacheManager: 305] Cache 'com.mprog.entity.User.userChats' created in EhcacheManager.
[2022-04-10 15:39:30,183] WARN [org.hibernate.metamodel.internal.MetadataContext: 526] HHH015011: Unable to locate static metamodel field : com.mprog.entity.Audit_#entityId; this may or may not indicate a problem with the static metamodel
[2022-04-10 15:39:30,232] INFO [org.hibernate.orm.connections.access: 48] HHH10001501: Connection obtained from JdbcConnectionAccess [org.hibernate.engine.jdbc.env.internal.JdbcEnvironmentInitiator$ConnectionProviderJdbcConnectionAccess@324e8baa] for (non-JTA) DDL execution was not in auto-commit mode; the Connection 'local transaction' will be committed and the Connection will be set into auto-commit mode.
[2022-04-10 15:39:30,849] INFO [org.ehcache.core.EhcacheManager: 216] Cache 'default-query-results-region' removed from EhcacheManager.
[2022-04-10 15:39:30,851] INFO [org.ehcache.core.EhcacheManager: 216] Cache 'com.mprog.entity.Payment' removed from EhcacheManager.
[2022-04-10 15:39:30,854] INFO [org.ehcache.core.EhcacheManager: 216] Cache 'Companies' removed from EhcacheManager.
[2022-04-10 15:39:30,857] INFO [org.ehcache.core.EhcacheManager: 216] Cache 'com.mprog.entity.User.userChats' removed from EhcacheManager.
[2022-04-10 15:39:30,859] INFO [org.ehcache.core.EhcacheManager: 216] Cache 'Users' removed from EhcacheManager.
[2022-04-10 15:39:30,862] INFO [org.hibernate.orm.connections.pooling: 502] HHH10001008: Cleaning up connection pool [jdbc:postgresql://localhost:5432/hib_learn]
[2022-04-10 15:39:30,869] INFO [org.ehcache.core.EhcacheManager: 216] Cache 'default-update-timestamps-region' removed from EhcacheManager.
[2022-04-10 15:40:36,607] INFO [org.hibernate.Version: 44] HHH000412: Hibernate ORM core version 5.6.7.Final
[2022-04-10 15:40:36,882] INFO [Hibernate Types: 298] This framework is proudly powered by:

>>>>>>>>>>>>>>>>>>>>>>>>>>>>>>>>>>>>>>>>>>>>>>>>>>>>>>>>>>>>>>>>
 _    _                           _     _
| |  | |                         (_)   | |
| |__| |_   _ _ __   ___ _ __ ___ _ ___| |_ ___ _ __   ___ ___
|  __  | | | | '_ \ / _ \ '__/ __| / __| __/ _ \ '_ \ / __/ _ \
| |  | | |_| | |_) |  __/ |  \__ \ \__ \ ||  __/ | | | (_|  __/
|_|  |_|\__, | .__/ \___|_|  |___/_|___/\__\___|_| |_|\___\___|
         __/ | |
        |___/|_|

At Hypersistence, we only build amazing tools, like Hibernate Types, Flexy Pool, or Hypersistence Optimizer.

What if there were a tool that could automatically detect JPA and Hibernate performance issues?

Hypersistence Optimizer is that tool! For more details, go to: 

https://vladmihalcea.com/hypersistence-optimizer/
<<<<<<<<<<<<<<<<<<<<<<<<<<<<<<<<<<<<<<<<<<<<<<<<<<<<<<<<<<<<<<<<

[2022-04-10 15:40:37,514] INFO [org.hibernate.annotations.common.Version: 56] HCANN000001: Hibernate Commons Annotations {5.1.2.Final}
[2022-04-10 15:40:37,651] WARN [org.hibernate.orm.connections.pooling: 72] HHH10001002: Using Hibernate built-in connection pool (not for production use!)
[2022-04-10 15:40:37,658] INFO [org.hibernate.orm.connections.pooling: 115] HHH10001005: using driver [org.postgresql.Driver] at URL [jdbc:postgresql://localhost:5432/hib_learn]
[2022-04-10 15:40:37,659] INFO [org.hibernate.orm.connections.pooling: 124] HHH10001001: Connection properties: {password=****, user=postgres}
[2022-04-10 15:40:37,659] INFO [org.hibernate.orm.connections.pooling: 129] HHH10001003: Autocommit mode: false
[2022-04-10 15:40:37,662] INFO [org.hibernate.engine.jdbc.connections.internal.DriverManagerConnectionProviderImpl: 274] HHH000115: Hibernate connection pool size: 20 (min=1)
[2022-04-10 15:40:37,771] INFO [org.hibernate.dialect.Dialect: 175] HHH000400: Using dialect: org.hibernate.dialect.PostgreSQL10Dialect
[2022-04-10 15:40:37,825] INFO [org.hibernate.envers.boot.internal.EnversServiceImpl: 88] Envers integration enabled? : true
[2022-04-10 15:40:39,551] INFO [org.ehcache.core.EhcacheManager: 305] Cache 'Companies' created in EhcacheManager.
[2022-04-10 15:40:39,556] INFO [org.ehcache.core.EhcacheManager: 305] Cache 'Users' created in EhcacheManager.
[2022-04-10 15:40:39,703] INFO [org.ehcache.jsr107.Eh107CacheManager: 393] Registering Ehcache MBean javax.cache:type=CacheStatistics,CacheManager=file./home/munir/IdeaProjects/hibernate-starter/build/resources/main/ehcache-config.xml,Cache=Companies
[2022-04-10 15:40:39,708] INFO [org.ehcache.jsr107.Eh107CacheManager: 393] Registering Ehcache MBean javax.cache:type=CacheStatistics,CacheManager=file./home/munir/IdeaProjects/hibernate-starter/build/resources/main/ehcache-config.xml,Cache=Users
[2022-04-10 15:40:39,714] WARN [org.hibernate.orm.cache: 108] HHH90001006: Missing cache[default-update-timestamps-region] was created on-the-fly. The created cache will use a provider-specific default configuration: make sure you defined one. You can disable this warning by setting 'hibernate.javax.cache.missing_cache_strategy' to 'create'.
[2022-04-10 15:40:39,729] INFO [org.ehcache.core.EhcacheManager: 305] Cache 'default-update-timestamps-region' created in EhcacheManager.
[2022-04-10 15:40:39,734] WARN [org.hibernate.orm.cache: 108] HHH90001006: Missing cache[default-query-results-region] was created on-the-fly. The created cache will use a provider-specific default configuration: make sure you defined one. You can disable this warning by setting 'hibernate.javax.cache.missing_cache_strategy' to 'create'.
[2022-04-10 15:40:39,740] INFO [org.ehcache.core.EhcacheManager: 305] Cache 'default-query-results-region' created in EhcacheManager.
[2022-04-10 15:40:39,829] WARN [org.hibernate.orm.cache: 108] HHH90001006: Missing cache[com.mprog.entity.Payment] was created on-the-fly. The created cache will use a provider-specific default configuration: make sure you defined one. You can disable this warning by setting 'hibernate.javax.cache.missing_cache_strategy' to 'create'.
[2022-04-10 15:40:39,859] INFO [org.ehcache.core.EhcacheManager: 305] Cache 'com.mprog.entity.Payment' created in EhcacheManager.
[2022-04-10 15:40:39,867] WARN [org.hibernate.orm.cache: 108] HHH90001006: Missing cache[com.mprog.entity.User.userChats] was created on-the-fly. The created cache will use a provider-specific default configuration: make sure you defined one. You can disable this warning by setting 'hibernate.javax.cache.missing_cache_strategy' to 'create'.
[2022-04-10 15:40:39,889] INFO [org.ehcache.core.EhcacheManager: 305] Cache 'com.mprog.entity.User.userChats' created in EhcacheManager.
[2022-04-10 15:40:40,647] WARN [org.hibernate.metamodel.internal.MetadataContext: 526] HHH015011: Unable to locate static metamodel field : com.mprog.entity.Audit_#entityId; this may or may not indicate a problem with the static metamodel
[2022-04-10 15:40:40,696] INFO [org.hibernate.orm.connections.access: 48] HHH10001501: Connection obtained from JdbcConnectionAccess [org.hibernate.engine.jdbc.env.internal.JdbcEnvironmentInitiator$ConnectionProviderJdbcConnectionAccess@5432dca2] for (non-JTA) DDL execution was not in auto-commit mode; the Connection 'local transaction' will be committed and the Connection will be set into auto-commit mode.
[2022-04-10 15:40:41,181] INFO [org.ehcache.core.EhcacheManager: 216] Cache 'default-query-results-region' removed from EhcacheManager.
[2022-04-10 15:40:41,182] INFO [org.ehcache.core.EhcacheManager: 216] Cache 'com.mprog.entity.Payment' removed from EhcacheManager.
[2022-04-10 15:40:41,183] INFO [org.ehcache.core.EhcacheManager: 216] Cache 'Companies' removed from EhcacheManager.
[2022-04-10 15:40:41,184] INFO [org.ehcache.core.EhcacheManager: 216] Cache 'com.mprog.entity.User.userChats' removed from EhcacheManager.
[2022-04-10 15:40:41,185] INFO [org.ehcache.core.EhcacheManager: 216] Cache 'Users' removed from EhcacheManager.
[2022-04-10 15:40:41,186] INFO [org.hibernate.orm.connections.pooling: 502] HHH10001008: Cleaning up connection pool [jdbc:postgresql://localhost:5432/hib_learn]
[2022-04-10 15:40:41,187] ERROR [org.hibernate.engine.jdbc.connections.internal.DriverManagerConnectionProviderImpl: 378] Connection leak detected: there are 1 unclosed connections upon shutting down pool jdbc:postgresql://localhost:5432/hib_learn
[2022-04-10 15:40:41,188] ERROR [org.hibernate.orm.connections.pooling: 211] Connection leak detected: there are 1 unclosed connections!
[2022-04-10 15:40:41,190] INFO [org.ehcache.core.EhcacheManager: 216] Cache 'default-update-timestamps-region' removed from EhcacheManager.
[2022-04-10 15:40:57,439] INFO [org.hibernate.Version: 44] HHH000412: Hibernate ORM core version 5.6.7.Final
[2022-04-10 15:40:57,718] INFO [Hibernate Types: 298] This framework is proudly powered by:

>>>>>>>>>>>>>>>>>>>>>>>>>>>>>>>>>>>>>>>>>>>>>>>>>>>>>>>>>>>>>>>>
 _    _                           _     _
| |  | |                         (_)   | |
| |__| |_   _ _ __   ___ _ __ ___ _ ___| |_ ___ _ __   ___ ___
|  __  | | | | '_ \ / _ \ '__/ __| / __| __/ _ \ '_ \ / __/ _ \
| |  | | |_| | |_) |  __/ |  \__ \ \__ \ ||  __/ | | | (_|  __/
|_|  |_|\__, | .__/ \___|_|  |___/_|___/\__\___|_| |_|\___\___|
         __/ | |
        |___/|_|

At Hypersistence, we only build amazing tools, like Hibernate Types, Flexy Pool, or Hypersistence Optimizer.

What if there were a tool that could automatically detect JPA and Hibernate performance issues?

Hypersistence Optimizer is that tool! For more details, go to: 

https://vladmihalcea.com/hypersistence-optimizer/
<<<<<<<<<<<<<<<<<<<<<<<<<<<<<<<<<<<<<<<<<<<<<<<<<<<<<<<<<<<<<<<<

[2022-04-10 15:40:58,265] INFO [org.hibernate.annotations.common.Version: 56] HCANN000001: Hibernate Commons Annotations {5.1.2.Final}
[2022-04-10 15:40:58,405] WARN [org.hibernate.orm.connections.pooling: 72] HHH10001002: Using Hibernate built-in connection pool (not for production use!)
[2022-04-10 15:40:58,412] INFO [org.hibernate.orm.connections.pooling: 115] HHH10001005: using driver [org.postgresql.Driver] at URL [jdbc:postgresql://localhost:5432/hib_learn]
[2022-04-10 15:40:58,412] INFO [org.hibernate.orm.connections.pooling: 124] HHH10001001: Connection properties: {password=****, user=postgres}
[2022-04-10 15:40:58,413] INFO [org.hibernate.orm.connections.pooling: 129] HHH10001003: Autocommit mode: false
[2022-04-10 15:40:58,416] INFO [org.hibernate.engine.jdbc.connections.internal.DriverManagerConnectionProviderImpl: 274] HHH000115: Hibernate connection pool size: 20 (min=1)
[2022-04-10 15:40:58,535] INFO [org.hibernate.dialect.Dialect: 175] HHH000400: Using dialect: org.hibernate.dialect.PostgreSQL10Dialect
[2022-04-10 15:40:58,594] INFO [org.hibernate.envers.boot.internal.EnversServiceImpl: 88] Envers integration enabled? : true
[2022-04-10 15:41:00,503] INFO [org.ehcache.core.EhcacheManager: 305] Cache 'Companies' created in EhcacheManager.
[2022-04-10 15:41:00,506] INFO [org.ehcache.core.EhcacheManager: 305] Cache 'Users' created in EhcacheManager.
[2022-04-10 15:41:00,627] INFO [org.ehcache.jsr107.Eh107CacheManager: 393] Registering Ehcache MBean javax.cache:type=CacheStatistics,CacheManager=file./home/munir/IdeaProjects/hibernate-starter/build/resources/main/ehcache-config.xml,Cache=Companies
[2022-04-10 15:41:00,631] INFO [org.ehcache.jsr107.Eh107CacheManager: 393] Registering Ehcache MBean javax.cache:type=CacheStatistics,CacheManager=file./home/munir/IdeaProjects/hibernate-starter/build/resources/main/ehcache-config.xml,Cache=Users
[2022-04-10 15:41:00,635] WARN [org.hibernate.orm.cache: 108] HHH90001006: Missing cache[default-update-timestamps-region] was created on-the-fly. The created cache will use a provider-specific default configuration: make sure you defined one. You can disable this warning by setting 'hibernate.javax.cache.missing_cache_strategy' to 'create'.
[2022-04-10 15:41:00,648] INFO [org.ehcache.core.EhcacheManager: 305] Cache 'default-update-timestamps-region' created in EhcacheManager.
[2022-04-10 15:41:00,652] WARN [org.hibernate.orm.cache: 108] HHH90001006: Missing cache[default-query-results-region] was created on-the-fly. The created cache will use a provider-specific default configuration: make sure you defined one. You can disable this warning by setting 'hibernate.javax.cache.missing_cache_strategy' to 'create'.
[2022-04-10 15:41:00,659] INFO [org.ehcache.core.EhcacheManager: 305] Cache 'default-query-results-region' created in EhcacheManager.
[2022-04-10 15:41:00,711] WARN [org.hibernate.orm.cache: 108] HHH90001006: Missing cache[com.mprog.entity.Payment] was created on-the-fly. The created cache will use a provider-specific default configuration: make sure you defined one. You can disable this warning by setting 'hibernate.javax.cache.missing_cache_strategy' to 'create'.
[2022-04-10 15:41:00,716] INFO [org.ehcache.core.EhcacheManager: 305] Cache 'com.mprog.entity.Payment' created in EhcacheManager.
[2022-04-10 15:41:00,718] WARN [org.hibernate.orm.cache: 108] HHH90001006: Missing cache[com.mprog.entity.User.userChats] was created on-the-fly. The created cache will use a provider-specific default configuration: make sure you defined one. You can disable this warning by setting 'hibernate.javax.cache.missing_cache_strategy' to 'create'.
[2022-04-10 15:41:00,723] INFO [org.ehcache.core.EhcacheManager: 305] Cache 'com.mprog.entity.User.userChats' created in EhcacheManager.
[2022-04-10 15:41:01,303] WARN [org.hibernate.metamodel.internal.MetadataContext: 526] HHH015011: Unable to locate static metamodel field : com.mprog.entity.Audit_#entityId; this may or may not indicate a problem with the static metamodel
[2022-04-10 15:41:01,331] INFO [org.hibernate.orm.connections.access: 48] HHH10001501: Connection obtained from JdbcConnectionAccess [org.hibernate.engine.jdbc.env.internal.JdbcEnvironmentInitiator$ConnectionProviderJdbcConnectionAccess@5432dca2] for (non-JTA) DDL execution was not in auto-commit mode; the Connection 'local transaction' will be committed and the Connection will be set into auto-commit mode.
[2022-04-10 15:41:01,730] INFO [org.ehcache.core.EhcacheManager: 216] Cache 'default-query-results-region' removed from EhcacheManager.
[2022-04-10 15:41:01,731] INFO [org.ehcache.core.EhcacheManager: 216] Cache 'com.mprog.entity.Payment' removed from EhcacheManager.
[2022-04-10 15:41:01,732] INFO [org.ehcache.core.EhcacheManager: 216] Cache 'Companies' removed from EhcacheManager.
[2022-04-10 15:41:01,733] INFO [org.ehcache.core.EhcacheManager: 216] Cache 'com.mprog.entity.User.userChats' removed from EhcacheManager.
[2022-04-10 15:41:01,734] INFO [org.ehcache.core.EhcacheManager: 216] Cache 'Users' removed from EhcacheManager.
[2022-04-10 15:41:01,735] INFO [org.hibernate.orm.connections.pooling: 502] HHH10001008: Cleaning up connection pool [jdbc:postgresql://localhost:5432/hib_learn]
[2022-04-10 15:41:01,736] ERROR [org.hibernate.engine.jdbc.connections.internal.DriverManagerConnectionProviderImpl: 378] Connection leak detected: there are 1 unclosed connections upon shutting down pool jdbc:postgresql://localhost:5432/hib_learn
[2022-04-10 15:41:01,738] ERROR [org.hibernate.orm.connections.pooling: 211] Connection leak detected: there are 1 unclosed connections!
[2022-04-10 15:41:01,740] INFO [org.ehcache.core.EhcacheManager: 216] Cache 'default-update-timestamps-region' removed from EhcacheManager.
[2022-04-10 15:41:24,816] INFO [org.hibernate.Version: 44] HHH000412: Hibernate ORM core version 5.6.7.Final
[2022-04-10 15:41:25,100] INFO [Hibernate Types: 298] This framework is proudly powered by:

>>>>>>>>>>>>>>>>>>>>>>>>>>>>>>>>>>>>>>>>>>>>>>>>>>>>>>>>>>>>>>>>
 _    _                           _     _
| |  | |                         (_)   | |
| |__| |_   _ _ __   ___ _ __ ___ _ ___| |_ ___ _ __   ___ ___
|  __  | | | | '_ \ / _ \ '__/ __| / __| __/ _ \ '_ \ / __/ _ \
| |  | | |_| | |_) |  __/ |  \__ \ \__ \ ||  __/ | | | (_|  __/
|_|  |_|\__, | .__/ \___|_|  |___/_|___/\__\___|_| |_|\___\___|
         __/ | |
        |___/|_|

At Hypersistence, we only build amazing tools, like Hibernate Types, Flexy Pool, or Hypersistence Optimizer.

What if there were a tool that could automatically detect JPA and Hibernate performance issues?

Hypersistence Optimizer is that tool! For more details, go to: 

https://vladmihalcea.com/hypersistence-optimizer/
<<<<<<<<<<<<<<<<<<<<<<<<<<<<<<<<<<<<<<<<<<<<<<<<<<<<<<<<<<<<<<<<

[2022-04-10 15:41:25,776] INFO [org.hibernate.annotations.common.Version: 56] HCANN000001: Hibernate Commons Annotations {5.1.2.Final}
[2022-04-10 15:41:25,954] WARN [org.hibernate.orm.connections.pooling: 72] HHH10001002: Using Hibernate built-in connection pool (not for production use!)
[2022-04-10 15:41:25,962] INFO [org.hibernate.orm.connections.pooling: 115] HHH10001005: using driver [org.postgresql.Driver] at URL [jdbc:postgresql://localhost:5432/hib_learn]
[2022-04-10 15:41:25,963] INFO [org.hibernate.orm.connections.pooling: 124] HHH10001001: Connection properties: {password=****, user=postgres}
[2022-04-10 15:41:25,965] INFO [org.hibernate.orm.connections.pooling: 129] HHH10001003: Autocommit mode: false
[2022-04-10 15:41:25,969] INFO [org.hibernate.engine.jdbc.connections.internal.DriverManagerConnectionProviderImpl: 274] HHH000115: Hibernate connection pool size: 20 (min=1)
[2022-04-10 15:41:26,141] INFO [org.hibernate.dialect.Dialect: 175] HHH000400: Using dialect: org.hibernate.dialect.PostgreSQL10Dialect
[2022-04-10 15:41:26,201] INFO [org.hibernate.envers.boot.internal.EnversServiceImpl: 88] Envers integration enabled? : true
[2022-04-10 15:41:27,922] INFO [org.ehcache.core.EhcacheManager: 305] Cache 'Companies' created in EhcacheManager.
[2022-04-10 15:41:27,926] INFO [org.ehcache.core.EhcacheManager: 305] Cache 'Users' created in EhcacheManager.
[2022-04-10 15:41:28,040] INFO [org.ehcache.jsr107.Eh107CacheManager: 393] Registering Ehcache MBean javax.cache:type=CacheStatistics,CacheManager=file./home/munir/IdeaProjects/hibernate-starter/build/resources/main/ehcache-config.xml,Cache=Companies
[2022-04-10 15:41:28,043] INFO [org.ehcache.jsr107.Eh107CacheManager: 393] Registering Ehcache MBean javax.cache:type=CacheStatistics,CacheManager=file./home/munir/IdeaProjects/hibernate-starter/build/resources/main/ehcache-config.xml,Cache=Users
[2022-04-10 15:41:28,047] WARN [org.hibernate.orm.cache: 108] HHH90001006: Missing cache[default-update-timestamps-region] was created on-the-fly. The created cache will use a provider-specific default configuration: make sure you defined one. You can disable this warning by setting 'hibernate.javax.cache.missing_cache_strategy' to 'create'.
[2022-04-10 15:41:28,056] INFO [org.ehcache.core.EhcacheManager: 305] Cache 'default-update-timestamps-region' created in EhcacheManager.
[2022-04-10 15:41:28,060] WARN [org.hibernate.orm.cache: 108] HHH90001006: Missing cache[default-query-results-region] was created on-the-fly. The created cache will use a provider-specific default configuration: make sure you defined one. You can disable this warning by setting 'hibernate.javax.cache.missing_cache_strategy' to 'create'.
[2022-04-10 15:41:28,066] INFO [org.ehcache.core.EhcacheManager: 305] Cache 'default-query-results-region' created in EhcacheManager.
[2022-04-10 15:41:28,113] WARN [org.hibernate.orm.cache: 108] HHH90001006: Missing cache[com.mprog.entity.Payment] was created on-the-fly. The created cache will use a provider-specific default configuration: make sure you defined one. You can disable this warning by setting 'hibernate.javax.cache.missing_cache_strategy' to 'create'.
[2022-04-10 15:41:28,119] INFO [org.ehcache.core.EhcacheManager: 305] Cache 'com.mprog.entity.Payment' created in EhcacheManager.
[2022-04-10 15:41:28,123] WARN [org.hibernate.orm.cache: 108] HHH90001006: Missing cache[com.mprog.entity.User.userChats] was created on-the-fly. The created cache will use a provider-specific default configuration: make sure you defined one. You can disable this warning by setting 'hibernate.javax.cache.missing_cache_strategy' to 'create'.
[2022-04-10 15:41:28,129] INFO [org.ehcache.core.EhcacheManager: 305] Cache 'com.mprog.entity.User.userChats' created in EhcacheManager.
[2022-04-10 15:41:28,695] WARN [org.hibernate.metamodel.internal.MetadataContext: 526] HHH015011: Unable to locate static metamodel field : com.mprog.entity.Audit_#entityId; this may or may not indicate a problem with the static metamodel
[2022-04-10 15:41:28,724] INFO [org.hibernate.orm.connections.access: 48] HHH10001501: Connection obtained from JdbcConnectionAccess [org.hibernate.engine.jdbc.env.internal.JdbcEnvironmentInitiator$ConnectionProviderJdbcConnectionAccess@324e8baa] for (non-JTA) DDL execution was not in auto-commit mode; the Connection 'local transaction' will be committed and the Connection will be set into auto-commit mode.
[2022-04-10 15:41:29,208] WARN [org.hibernate.engine.jdbc.spi.SqlExceptionHelper: 137] SQL Error: 0, SQLState: 22P02
[2022-04-10 15:41:29,209] ERROR [org.hibernate.engine.jdbc.spi.SqlExceptionHelper: 142] ERROR: invalid input syntax for type uuid: "{"name":"liza"}"
[2022-04-10 15:41:29,230] INFO [org.ehcache.core.EhcacheManager: 216] Cache 'default-query-results-region' removed from EhcacheManager.
[2022-04-10 15:41:29,231] INFO [org.ehcache.core.EhcacheManager: 216] Cache 'com.mprog.entity.Payment' removed from EhcacheManager.
[2022-04-10 15:41:29,232] INFO [org.ehcache.core.EhcacheManager: 216] Cache 'Companies' removed from EhcacheManager.
[2022-04-10 15:41:29,233] INFO [org.ehcache.core.EhcacheManager: 216] Cache 'com.mprog.entity.User.userChats' removed from EhcacheManager.
[2022-04-10 15:41:29,234] INFO [org.ehcache.core.EhcacheManager: 216] Cache 'Users' removed from EhcacheManager.
[2022-04-10 15:41:29,235] INFO [org.hibernate.orm.connections.pooling: 502] HHH10001008: Cleaning up connection pool [jdbc:postgresql://localhost:5432/hib_learn]
[2022-04-10 15:41:29,237] ERROR [org.hibernate.engine.jdbc.connections.internal.DriverManagerConnectionProviderImpl: 378] Connection leak detected: there are 1 unclosed connections upon shutting down pool jdbc:postgresql://localhost:5432/hib_learn
[2022-04-10 15:41:29,238] ERROR [org.hibernate.orm.connections.pooling: 211] Connection leak detected: there are 1 unclosed connections!
[2022-04-10 15:41:29,240] INFO [org.ehcache.core.EhcacheManager: 216] Cache 'default-update-timestamps-region' removed from EhcacheManager.
[2022-04-10 15:58:37,936] INFO [org.hibernate.Version: 44] HHH000412: Hibernate ORM core version 5.6.7.Final
[2022-04-10 15:58:38,228] INFO [Hibernate Types: 298] This framework is proudly powered by:

>>>>>>>>>>>>>>>>>>>>>>>>>>>>>>>>>>>>>>>>>>>>>>>>>>>>>>>>>>>>>>>>
 _    _                           _     _
| |  | |                         (_)   | |
| |__| |_   _ _ __   ___ _ __ ___ _ ___| |_ ___ _ __   ___ ___
|  __  | | | | '_ \ / _ \ '__/ __| / __| __/ _ \ '_ \ / __/ _ \
| |  | | |_| | |_) |  __/ |  \__ \ \__ \ ||  __/ | | | (_|  __/
|_|  |_|\__, | .__/ \___|_|  |___/_|___/\__\___|_| |_|\___\___|
         __/ | |
        |___/|_|

At Hypersistence, we only build amazing tools, like Hibernate Types, Flexy Pool, or Hypersistence Optimizer.

What if there were a tool that could automatically detect JPA and Hibernate performance issues?

Hypersistence Optimizer is that tool! For more details, go to: 

https://vladmihalcea.com/hypersistence-optimizer/
<<<<<<<<<<<<<<<<<<<<<<<<<<<<<<<<<<<<<<<<<<<<<<<<<<<<<<<<<<<<<<<<

[2022-04-10 15:58:38,792] INFO [org.hibernate.annotations.common.Version: 56] HCANN000001: Hibernate Commons Annotations {5.1.2.Final}
[2022-04-10 15:58:38,942] WARN [org.hibernate.orm.connections.pooling: 72] HHH10001002: Using Hibernate built-in connection pool (not for production use!)
[2022-04-10 15:58:38,950] INFO [org.hibernate.orm.connections.pooling: 115] HHH10001005: using driver [org.postgresql.Driver] at URL [jdbc:postgresql://localhost:5432/hib_learn]
[2022-04-10 15:58:38,951] INFO [org.hibernate.orm.connections.pooling: 124] HHH10001001: Connection properties: {password=****, user=postgres}
[2022-04-10 15:58:38,952] INFO [org.hibernate.orm.connections.pooling: 129] HHH10001003: Autocommit mode: false
[2022-04-10 15:58:38,956] INFO [org.hibernate.engine.jdbc.connections.internal.DriverManagerConnectionProviderImpl: 274] HHH000115: Hibernate connection pool size: 20 (min=1)
[2022-04-10 15:58:39,082] INFO [org.hibernate.dialect.Dialect: 175] HHH000400: Using dialect: org.hibernate.dialect.PostgreSQL10Dialect
[2022-04-10 15:58:39,135] INFO [org.hibernate.envers.boot.internal.EnversServiceImpl: 88] Envers integration enabled? : true
[2022-04-10 15:58:40,887] INFO [org.ehcache.core.EhcacheManager: 305] Cache 'Companies' created in EhcacheManager.
[2022-04-10 15:58:40,892] INFO [org.ehcache.core.EhcacheManager: 305] Cache 'Users' created in EhcacheManager.
[2022-04-10 15:58:41,041] INFO [org.ehcache.jsr107.Eh107CacheManager: 393] Registering Ehcache MBean javax.cache:type=CacheStatistics,CacheManager=file./home/munir/IdeaProjects/hibernate-starter/build/resources/main/ehcache-config.xml,Cache=Companies
[2022-04-10 15:58:41,046] INFO [org.ehcache.jsr107.Eh107CacheManager: 393] Registering Ehcache MBean javax.cache:type=CacheStatistics,CacheManager=file./home/munir/IdeaProjects/hibernate-starter/build/resources/main/ehcache-config.xml,Cache=Users
[2022-04-10 15:58:41,052] WARN [org.hibernate.orm.cache: 108] HHH90001006: Missing cache[default-update-timestamps-region] was created on-the-fly. The created cache will use a provider-specific default configuration: make sure you defined one. You can disable this warning by setting 'hibernate.javax.cache.missing_cache_strategy' to 'create'.
[2022-04-10 15:58:41,066] INFO [org.ehcache.core.EhcacheManager: 305] Cache 'default-update-timestamps-region' created in EhcacheManager.
[2022-04-10 15:58:41,071] WARN [org.hibernate.orm.cache: 108] HHH90001006: Missing cache[default-query-results-region] was created on-the-fly. The created cache will use a provider-specific default configuration: make sure you defined one. You can disable this warning by setting 'hibernate.javax.cache.missing_cache_strategy' to 'create'.
[2022-04-10 15:58:41,078] INFO [org.ehcache.core.EhcacheManager: 305] Cache 'default-query-results-region' created in EhcacheManager.
[2022-04-10 15:58:41,143] WARN [org.hibernate.orm.cache: 108] HHH90001006: Missing cache[com.mprog.entity.Payment] was created on-the-fly. The created cache will use a provider-specific default configuration: make sure you defined one. You can disable this warning by setting 'hibernate.javax.cache.missing_cache_strategy' to 'create'.
[2022-04-10 15:58:41,151] INFO [org.ehcache.core.EhcacheManager: 305] Cache 'com.mprog.entity.Payment' created in EhcacheManager.
[2022-04-10 15:58:41,155] WARN [org.hibernate.orm.cache: 108] HHH90001006: Missing cache[com.mprog.entity.User.userChats] was created on-the-fly. The created cache will use a provider-specific default configuration: make sure you defined one. You can disable this warning by setting 'hibernate.javax.cache.missing_cache_strategy' to 'create'.
[2022-04-10 15:58:41,161] INFO [org.ehcache.core.EhcacheManager: 305] Cache 'com.mprog.entity.User.userChats' created in EhcacheManager.
[2022-04-10 15:58:41,763] WARN [org.hibernate.metamodel.internal.MetadataContext: 526] HHH015011: Unable to locate static metamodel field : com.mprog.entity.Audit_#entityId; this may or may not indicate a problem with the static metamodel
[2022-04-10 15:58:41,792] INFO [org.hibernate.orm.connections.access: 48] HHH10001501: Connection obtained from JdbcConnectionAccess [org.hibernate.engine.jdbc.env.internal.JdbcEnvironmentInitiator$ConnectionProviderJdbcConnectionAccess@5432dca2] for (non-JTA) DDL execution was not in auto-commit mode; the Connection 'local transaction' will be committed and the Connection will be set into auto-commit mode.
[2022-04-10 15:58:42,232] INFO [org.ehcache.core.EhcacheManager: 216] Cache 'default-query-results-region' removed from EhcacheManager.
[2022-04-10 15:58:42,233] INFO [org.ehcache.core.EhcacheManager: 216] Cache 'com.mprog.entity.Payment' removed from EhcacheManager.
[2022-04-10 15:58:42,235] INFO [org.ehcache.core.EhcacheManager: 216] Cache 'Companies' removed from EhcacheManager.
[2022-04-10 15:58:42,236] INFO [org.ehcache.core.EhcacheManager: 216] Cache 'com.mprog.entity.User.userChats' removed from EhcacheManager.
[2022-04-10 15:58:42,237] INFO [org.ehcache.core.EhcacheManager: 216] Cache 'Users' removed from EhcacheManager.
[2022-04-10 15:58:42,238] INFO [org.hibernate.orm.connections.pooling: 502] HHH10001008: Cleaning up connection pool [jdbc:postgresql://localhost:5432/hib_learn]
[2022-04-10 15:58:42,241] INFO [org.ehcache.core.EhcacheManager: 216] Cache 'default-update-timestamps-region' removed from EhcacheManager.
[2022-04-10 15:59:15,866] INFO [org.hibernate.Version: 44] HHH000412: Hibernate ORM core version 5.6.7.Final
[2022-04-10 15:59:16,115] INFO [Hibernate Types: 298] This framework is proudly powered by:

>>>>>>>>>>>>>>>>>>>>>>>>>>>>>>>>>>>>>>>>>>>>>>>>>>>>>>>>>>>>>>>>
 _    _                           _     _
| |  | |                         (_)   | |
| |__| |_   _ _ __   ___ _ __ ___ _ ___| |_ ___ _ __   ___ ___
|  __  | | | | '_ \ / _ \ '__/ __| / __| __/ _ \ '_ \ / __/ _ \
| |  | | |_| | |_) |  __/ |  \__ \ \__ \ ||  __/ | | | (_|  __/
|_|  |_|\__, | .__/ \___|_|  |___/_|___/\__\___|_| |_|\___\___|
         __/ | |
        |___/|_|

At Hypersistence, we only build amazing tools, like Hibernate Types, Flexy Pool, or Hypersistence Optimizer.

What if there were a tool that could automatically detect JPA and Hibernate performance issues?

Hypersistence Optimizer is that tool! For more details, go to: 

https://vladmihalcea.com/hypersistence-optimizer/
<<<<<<<<<<<<<<<<<<<<<<<<<<<<<<<<<<<<<<<<<<<<<<<<<<<<<<<<<<<<<<<<

[2022-04-10 15:59:16,653] INFO [org.hibernate.annotations.common.Version: 56] HCANN000001: Hibernate Commons Annotations {5.1.2.Final}
[2022-04-10 15:59:16,813] WARN [org.hibernate.orm.connections.pooling: 72] HHH10001002: Using Hibernate built-in connection pool (not for production use!)
[2022-04-10 15:59:16,821] INFO [org.hibernate.orm.connections.pooling: 115] HHH10001005: using driver [org.postgresql.Driver] at URL [jdbc:postgresql://localhost:5432/hib_learn]
[2022-04-10 15:59:16,822] INFO [org.hibernate.orm.connections.pooling: 124] HHH10001001: Connection properties: {password=****, user=postgres}
[2022-04-10 15:59:16,823] INFO [org.hibernate.orm.connections.pooling: 129] HHH10001003: Autocommit mode: false
[2022-04-10 15:59:16,827] INFO [org.hibernate.engine.jdbc.connections.internal.DriverManagerConnectionProviderImpl: 274] HHH000115: Hibernate connection pool size: 20 (min=1)
[2022-04-10 15:59:16,944] INFO [org.hibernate.dialect.Dialect: 175] HHH000400: Using dialect: org.hibernate.dialect.PostgreSQL10Dialect
[2022-04-10 15:59:16,987] INFO [org.hibernate.envers.boot.internal.EnversServiceImpl: 88] Envers integration enabled? : true
[2022-04-10 15:59:18,677] INFO [org.ehcache.core.EhcacheManager: 305] Cache 'Companies' created in EhcacheManager.
[2022-04-10 15:59:18,681] INFO [org.ehcache.core.EhcacheManager: 305] Cache 'Users' created in EhcacheManager.
[2022-04-10 15:59:18,824] INFO [org.ehcache.jsr107.Eh107CacheManager: 393] Registering Ehcache MBean javax.cache:type=CacheStatistics,CacheManager=file./home/munir/IdeaProjects/hibernate-starter/build/resources/main/ehcache-config.xml,Cache=Companies
[2022-04-10 15:59:18,828] INFO [org.ehcache.jsr107.Eh107CacheManager: 393] Registering Ehcache MBean javax.cache:type=CacheStatistics,CacheManager=file./home/munir/IdeaProjects/hibernate-starter/build/resources/main/ehcache-config.xml,Cache=Users
[2022-04-10 15:59:18,833] WARN [org.hibernate.orm.cache: 108] HHH90001006: Missing cache[default-update-timestamps-region] was created on-the-fly. The created cache will use a provider-specific default configuration: make sure you defined one. You can disable this warning by setting 'hibernate.javax.cache.missing_cache_strategy' to 'create'.
[2022-04-10 15:59:18,843] INFO [org.ehcache.core.EhcacheManager: 305] Cache 'default-update-timestamps-region' created in EhcacheManager.
[2022-04-10 15:59:18,846] WARN [org.hibernate.orm.cache: 108] HHH90001006: Missing cache[default-query-results-region] was created on-the-fly. The created cache will use a provider-specific default configuration: make sure you defined one. You can disable this warning by setting 'hibernate.javax.cache.missing_cache_strategy' to 'create'.
[2022-04-10 15:59:18,853] INFO [org.ehcache.core.EhcacheManager: 305] Cache 'default-query-results-region' created in EhcacheManager.
[2022-04-10 15:59:18,902] WARN [org.hibernate.orm.cache: 108] HHH90001006: Missing cache[com.mprog.entity.Payment] was created on-the-fly. The created cache will use a provider-specific default configuration: make sure you defined one. You can disable this warning by setting 'hibernate.javax.cache.missing_cache_strategy' to 'create'.
[2022-04-10 15:59:18,907] INFO [org.ehcache.core.EhcacheManager: 305] Cache 'com.mprog.entity.Payment' created in EhcacheManager.
[2022-04-10 15:59:18,911] WARN [org.hibernate.orm.cache: 108] HHH90001006: Missing cache[com.mprog.entity.User.userChats] was created on-the-fly. The created cache will use a provider-specific default configuration: make sure you defined one. You can disable this warning by setting 'hibernate.javax.cache.missing_cache_strategy' to 'create'.
[2022-04-10 15:59:18,921] INFO [org.ehcache.core.EhcacheManager: 305] Cache 'com.mprog.entity.User.userChats' created in EhcacheManager.
[2022-04-10 15:59:19,520] WARN [org.hibernate.metamodel.internal.MetadataContext: 526] HHH015011: Unable to locate static metamodel field : com.mprog.entity.Audit_#entityId; this may or may not indicate a problem with the static metamodel
[2022-04-10 15:59:19,567] INFO [org.hibernate.orm.connections.access: 48] HHH10001501: Connection obtained from JdbcConnectionAccess [org.hibernate.engine.jdbc.env.internal.JdbcEnvironmentInitiator$ConnectionProviderJdbcConnectionAccess@324e8baa] for (non-JTA) DDL execution was not in auto-commit mode; the Connection 'local transaction' will be committed and the Connection will be set into auto-commit mode.
[2022-04-10 15:59:20,244] INFO [org.ehcache.core.EhcacheManager: 216] Cache 'default-query-results-region' removed from EhcacheManager.
[2022-04-10 15:59:20,245] INFO [org.ehcache.core.EhcacheManager: 216] Cache 'com.mprog.entity.Payment' removed from EhcacheManager.
[2022-04-10 15:59:20,246] INFO [org.ehcache.core.EhcacheManager: 216] Cache 'Companies' removed from EhcacheManager.
[2022-04-10 15:59:20,247] INFO [org.ehcache.core.EhcacheManager: 216] Cache 'com.mprog.entity.User.userChats' removed from EhcacheManager.
[2022-04-10 15:59:20,248] INFO [org.ehcache.core.EhcacheManager: 216] Cache 'Users' removed from EhcacheManager.
[2022-04-10 15:59:20,249] INFO [org.hibernate.orm.connections.pooling: 502] HHH10001008: Cleaning up connection pool [jdbc:postgresql://localhost:5432/hib_learn]
[2022-04-10 15:59:20,255] INFO [org.ehcache.core.EhcacheManager: 216] Cache 'default-update-timestamps-region' removed from EhcacheManager.
